0 info it worked if it ends with ok
1 verbose cli [ '/usr/local/bin/node',
1 verbose cli   '/usr/local/bin/npm',
1 verbose cli   'install',
1 verbose cli   '--save',
1 verbose cli   'jquery' ]
2 info using npm@2.14.12
3 info using node@v4.2.4
4 verbose install initial load of /Users/victorigor/Documents/MEUS REPOSITORIOS - VICTOR/funpark-admin/client/package.json
5 warn package.json @ No description
6 warn package.json @ No repository field.
7 warn package.json @ No README data
8 warn package.json @ No license field.
9 verbose installManyTop reading scoped package data from /Users/victorigor/Documents/MEUS REPOSITORIOS - VICTOR/funpark-admin/client/node_modules/autoprefixer/package.json
10 verbose installManyTop reading scoped package data from /Users/victorigor/Documents/MEUS REPOSITORIOS - VICTOR/funpark-admin/client/node_modules/axios/package.json
11 verbose installManyTop reading scoped package data from /Users/victorigor/Documents/MEUS REPOSITORIOS - VICTOR/funpark-admin/client/node_modules/babel-core/package.json
12 verbose installManyTop reading scoped package data from /Users/victorigor/Documents/MEUS REPOSITORIOS - VICTOR/funpark-admin/client/node_modules/babel-eslint/package.json
13 verbose installManyTop reading scoped package data from /Users/victorigor/Documents/MEUS REPOSITORIOS - VICTOR/funpark-admin/client/node_modules/babel-loader/package.json
14 verbose installManyTop reading scoped package data from /Users/victorigor/Documents/MEUS REPOSITORIOS - VICTOR/funpark-admin/client/node_modules/babel-polyfill/package.json
15 verbose installManyTop reading scoped package data from /Users/victorigor/Documents/MEUS REPOSITORIOS - VICTOR/funpark-admin/client/node_modules/babel-preset-es2015/package.json
16 verbose installManyTop reading scoped package data from /Users/victorigor/Documents/MEUS REPOSITORIOS - VICTOR/funpark-admin/client/node_modules/babel-preset-react/package.json
17 verbose installManyTop reading scoped package data from /Users/victorigor/Documents/MEUS REPOSITORIOS - VICTOR/funpark-admin/client/node_modules/browser-sync/package.json
18 verbose installManyTop reading scoped package data from /Users/victorigor/Documents/MEUS REPOSITORIOS - VICTOR/funpark-admin/client/node_modules/browser-sync-spa/package.json
19 verbose installManyTop reading scoped package data from /Users/victorigor/Documents/MEUS REPOSITORIOS - VICTOR/funpark-admin/client/node_modules/css-loader/package.json
20 verbose installManyTop reading scoped package data from /Users/victorigor/Documents/MEUS REPOSITORIOS - VICTOR/funpark-admin/client/node_modules/del/package.json
21 verbose installManyTop reading scoped package data from /Users/victorigor/Documents/MEUS REPOSITORIOS - VICTOR/funpark-admin/client/node_modules/es6-shim/package.json
22 verbose installManyTop reading scoped package data from /Users/victorigor/Documents/MEUS REPOSITORIOS - VICTOR/funpark-admin/client/node_modules/eslint/package.json
23 verbose installManyTop reading scoped package data from /Users/victorigor/Documents/MEUS REPOSITORIOS - VICTOR/funpark-admin/client/node_modules/eslint-config-standard/package.json
24 verbose installManyTop reading scoped package data from /Users/victorigor/Documents/MEUS REPOSITORIOS - VICTOR/funpark-admin/client/node_modules/eslint-config-xo-react/package.json
25 verbose installManyTop reading scoped package data from /Users/victorigor/Documents/MEUS REPOSITORIOS - VICTOR/funpark-admin/client/node_modules/eslint-config-xo-space/package.json
26 verbose installManyTop reading scoped package data from /Users/victorigor/Documents/MEUS REPOSITORIOS - VICTOR/funpark-admin/client/node_modules/eslint-loader/package.json
27 verbose installManyTop reading scoped package data from /Users/victorigor/Documents/MEUS REPOSITORIOS - VICTOR/funpark-admin/client/node_modules/eslint-plugin-babel/package.json
28 verbose installManyTop reading scoped package data from /Users/victorigor/Documents/MEUS REPOSITORIOS - VICTOR/funpark-admin/client/node_modules/eslint-plugin-promise/package.json
29 verbose installManyTop reading scoped package data from /Users/victorigor/Documents/MEUS REPOSITORIOS - VICTOR/funpark-admin/client/node_modules/eslint-plugin-react/package.json
30 verbose installManyTop reading scoped package data from /Users/victorigor/Documents/MEUS REPOSITORIOS - VICTOR/funpark-admin/client/node_modules/eslint-plugin-standard/package.json
31 verbose installManyTop reading scoped package data from /Users/victorigor/Documents/MEUS REPOSITORIOS - VICTOR/funpark-admin/client/node_modules/extract-text-webpack-plugin/package.json
32 verbose installManyTop reading scoped package data from /Users/victorigor/Documents/MEUS REPOSITORIOS - VICTOR/funpark-admin/client/node_modules/file-loader/package.json
33 verbose installManyTop reading scoped package data from /Users/victorigor/Documents/MEUS REPOSITORIOS - VICTOR/funpark-admin/client/node_modules/gulp/package.json
34 verbose installManyTop reading scoped package data from /Users/victorigor/Documents/MEUS REPOSITORIOS - VICTOR/funpark-admin/client/node_modules/gulp-filter/package.json
35 verbose installManyTop reading scoped package data from /Users/victorigor/Documents/MEUS REPOSITORIOS - VICTOR/funpark-admin/client/node_modules/gulp-hub/package.json
36 verbose installManyTop reading scoped package data from /Users/victorigor/Documents/MEUS REPOSITORIOS - VICTOR/funpark-admin/client/node_modules/gulp-stylus/package.json
37 verbose installManyTop reading scoped package data from /Users/victorigor/Documents/MEUS REPOSITORIOS - VICTOR/funpark-admin/client/node_modules/gulp-util/package.json
38 verbose installManyTop reading scoped package data from /Users/victorigor/Documents/MEUS REPOSITORIOS - VICTOR/funpark-admin/client/node_modules/html-webpack-plugin/package.json
39 verbose installManyTop reading scoped package data from /Users/victorigor/Documents/MEUS REPOSITORIOS - VICTOR/funpark-admin/client/node_modules/isparta-loader/package.json
40 verbose installManyTop reading scoped package data from /Users/victorigor/Documents/MEUS REPOSITORIOS - VICTOR/funpark-admin/client/node_modules/jasmine/package.json
41 verbose installManyTop reading scoped package data from /Users/victorigor/Documents/MEUS REPOSITORIOS - VICTOR/funpark-admin/client/node_modules/jasmine-core/package.json
42 verbose installManyTop reading scoped package data from /Users/victorigor/Documents/MEUS REPOSITORIOS - VICTOR/funpark-admin/client/node_modules/json-loader/package.json
43 verbose installManyTop reading scoped package data from /Users/victorigor/Documents/MEUS REPOSITORIOS - VICTOR/funpark-admin/client/node_modules/jsx-loader/package.json
44 verbose installManyTop reading scoped package data from /Users/victorigor/Documents/MEUS REPOSITORIOS - VICTOR/funpark-admin/client/node_modules/karma/package.json
45 verbose installManyTop reading scoped package data from /Users/victorigor/Documents/MEUS REPOSITORIOS - VICTOR/funpark-admin/client/node_modules/karma-coverage/package.json
46 verbose installManyTop reading scoped package data from /Users/victorigor/Documents/MEUS REPOSITORIOS - VICTOR/funpark-admin/client/node_modules/karma-jasmine/package.json
47 verbose installManyTop reading scoped package data from /Users/victorigor/Documents/MEUS REPOSITORIOS - VICTOR/funpark-admin/client/node_modules/karma-junit-reporter/package.json
48 verbose installManyTop reading scoped package data from /Users/victorigor/Documents/MEUS REPOSITORIOS - VICTOR/funpark-admin/client/node_modules/karma-phantomjs-launcher/package.json
49 verbose installManyTop reading scoped package data from /Users/victorigor/Documents/MEUS REPOSITORIOS - VICTOR/funpark-admin/client/node_modules/karma-phantomjs-shim/package.json
50 verbose installManyTop reading scoped package data from /Users/victorigor/Documents/MEUS REPOSITORIOS - VICTOR/funpark-admin/client/node_modules/karma-webpack/package.json
51 verbose installManyTop reading scoped package data from /Users/victorigor/Documents/MEUS REPOSITORIOS - VICTOR/funpark-admin/client/node_modules/phantomjs-prebuilt/package.json
52 verbose installManyTop reading scoped package data from /Users/victorigor/Documents/MEUS REPOSITORIOS - VICTOR/funpark-admin/client/node_modules/postcss-loader/package.json
53 verbose installManyTop reading scoped package data from /Users/victorigor/Documents/MEUS REPOSITORIOS - VICTOR/funpark-admin/client/node_modules/react/package.json
54 verbose installManyTop reading scoped package data from /Users/victorigor/Documents/MEUS REPOSITORIOS - VICTOR/funpark-admin/client/node_modules/react-addons-test-utils/package.json
55 verbose installManyTop reading scoped package data from /Users/victorigor/Documents/MEUS REPOSITORIOS - VICTOR/funpark-admin/client/node_modules/react-dom/package.json
56 verbose installManyTop reading scoped package data from /Users/victorigor/Documents/MEUS REPOSITORIOS - VICTOR/funpark-admin/client/node_modules/react-dropdown/package.json
57 verbose installManyTop reading scoped package data from /Users/victorigor/Documents/MEUS REPOSITORIOS - VICTOR/funpark-admin/client/node_modules/react-hot-loader/package.json
58 verbose installManyTop reading scoped package data from /Users/victorigor/Documents/MEUS REPOSITORIOS - VICTOR/funpark-admin/client/node_modules/react-router/package.json
59 verbose installManyTop reading scoped package data from /Users/victorigor/Documents/MEUS REPOSITORIOS - VICTOR/funpark-admin/client/node_modules/style-loader/package.json
60 verbose installManyTop reading scoped package data from /Users/victorigor/Documents/MEUS REPOSITORIOS - VICTOR/funpark-admin/client/node_modules/stylus/package.json
61 verbose installManyTop reading scoped package data from /Users/victorigor/Documents/MEUS REPOSITORIOS - VICTOR/funpark-admin/client/node_modules/stylus-loader/package.json
62 verbose installManyTop reading scoped package data from /Users/victorigor/Documents/MEUS REPOSITORIOS - VICTOR/funpark-admin/client/node_modules/url-loader/package.json
63 verbose installManyTop reading scoped package data from /Users/victorigor/Documents/MEUS REPOSITORIOS - VICTOR/funpark-admin/client/node_modules/webpack/package.json
64 verbose installManyTop reading scoped package data from /Users/victorigor/Documents/MEUS REPOSITORIOS - VICTOR/funpark-admin/client/node_modules/webpack-dev-middleware/package.json
65 verbose installManyTop reading scoped package data from /Users/victorigor/Documents/MEUS REPOSITORIOS - VICTOR/funpark-admin/client/node_modules/webpack-hot-middleware/package.json
66 verbose installManyTop reading scoped package data from /Users/victorigor/Documents/MEUS REPOSITORIOS - VICTOR/funpark-admin/client/node_modules/webpack-split-by-path/package.json
67 info package.json webpack@2.1.0-beta.8 No README data
68 info package.json jsx-loader@0.13.2 license should be a valid SPDX license expression
69 verbose readDependencies loading dependencies from /Users/victorigor/Documents/MEUS REPOSITORIOS - VICTOR/funpark-admin/client/package.json
70 silly cache add args [ 'jquery', null ]
71 verbose cache add spec jquery
72 silly cache add parsed spec Result {
72 silly cache add   raw: 'jquery',
72 silly cache add   scope: null,
72 silly cache add   name: 'jquery',
72 silly cache add   rawSpec: '',
72 silly cache add   spec: 'latest',
72 silly cache add   type: 'tag' }
73 silly addNamed jquery@latest
74 verbose addNamed "latest" is being treated as a dist-tag for jquery
75 info addNameTag [ 'jquery', 'latest' ]
76 silly mapToRegistry name jquery
77 silly mapToRegistry using default registry
78 silly mapToRegistry registry https://registry.npmjs.org/
79 silly mapToRegistry uri https://registry.npmjs.org/jquery
80 verbose addNameTag registry:https://registry.npmjs.org/jquery not in flight; fetching
81 verbose request uri https://registry.npmjs.org/jquery
82 verbose request no auth needed
83 info attempt registry request try #1 at 15:09:03
84 verbose request using bearer token for auth
85 verbose request id a95995a8b3bc6d53
86 verbose etag W/"583554a6-1f5a"
87 verbose lastModified Wed, 23 Nov 2016 08:34:46 GMT
88 http request GET https://registry.npmjs.org/jquery
89 http 200 https://registry.npmjs.org/jquery
90 verbose headers { server: 'nginx/1.10.1',
90 verbose headers   'content-type': 'application/json',
90 verbose headers   'last-modified': 'Fri, 18 Nov 2016 16:26:41 GMT',
90 verbose headers   etag: 'W/"582f2bc1-147ce"',
90 verbose headers   'content-encoding': 'gzip',
90 verbose headers   'cache-control': 'max-age=300',
90 verbose headers   'transfer-encoding': 'chunked',
90 verbose headers   'accept-ranges': 'bytes',
90 verbose headers   date: 'Wed, 23 Nov 2016 19:09:04 GMT',
90 verbose headers   via: '1.1 varnish',
90 verbose headers   connection: 'keep-alive',
90 verbose headers   'x-served-by': 'cache-iad2634-IAD',
90 verbose headers   'x-cache': 'MISS',
90 verbose headers   'x-cache-hits': '0',
90 verbose headers   'x-timer': 'S1479928144.224480,VS0,VE29',
90 verbose headers   vary: 'Accept-Encoding' }
91 silly get cb [ 200,
91 silly get   { server: 'nginx/1.10.1',
91 silly get     'content-type': 'application/json',
91 silly get     'last-modified': 'Fri, 18 Nov 2016 16:26:41 GMT',
91 silly get     etag: 'W/"582f2bc1-147ce"',
91 silly get     'content-encoding': 'gzip',
91 silly get     'cache-control': 'max-age=300',
91 silly get     'transfer-encoding': 'chunked',
91 silly get     'accept-ranges': 'bytes',
91 silly get     date: 'Wed, 23 Nov 2016 19:09:04 GMT',
91 silly get     via: '1.1 varnish',
91 silly get     connection: 'keep-alive',
91 silly get     'x-served-by': 'cache-iad2634-IAD',
91 silly get     'x-cache': 'MISS',
91 silly get     'x-cache-hits': '0',
91 silly get     'x-timer': 'S1479928144.224480,VS0,VE29',
91 silly get     vary: 'Accept-Encoding' } ]
92 verbose get saving jquery to /Users/victorigor/.npm/registry.npmjs.org/jquery/.cache.json
93 silly addNameTag next cb for jquery with tag latest
94 silly addNamed jquery@3.1.1
95 verbose addNamed "3.1.1" is a plain semver version for jquery
96 silly cache afterAdd jquery@3.1.1
97 verbose afterAdd /Users/victorigor/.npm/jquery/3.1.1/package/package.json not in flight; writing
98 verbose afterAdd /Users/victorigor/.npm/jquery/3.1.1/package/package.json written
99 silly install resolved [ { name: 'jquery',
99 silly install resolved     title: 'jQuery',
99 silly install resolved     description: 'JavaScript library for DOM operations',
99 silly install resolved     version: '3.1.1',
99 silly install resolved     main: 'dist/jquery.js',
99 silly install resolved     homepage: 'https://jquery.com',
99 silly install resolved     author:
99 silly install resolved      { name: 'jQuery Foundation and other contributors',
99 silly install resolved        url: 'https://github.com/jquery/jquery/blob/3.1.1/AUTHORS.txt' },
99 silly install resolved     repository: { type: 'git', url: 'git+https://github.com/jquery/jquery.git' },
99 silly install resolved     keywords: [ 'jquery', 'javascript', 'browser', 'library' ],
99 silly install resolved     bugs: { url: 'https://github.com/jquery/jquery/issues' },
99 silly install resolved     license: 'MIT',
99 silly install resolved     dependencies: {},
99 silly install resolved     devDependencies:
99 silly install resolved      { 'babel-preset-es2015': '6.6.0',
99 silly install resolved        commitplease: '2.6.1',
99 silly install resolved        'core-js': '2.2.2',
99 silly install resolved        'cross-spawn': '2.2.3',
99 silly install resolved        'eslint-config-jquery': '1.0.0',
99 silly install resolved        grunt: '1.0.1',
99 silly install resolved        'grunt-babel': '6.0.0',
99 silly install resolved        'grunt-cli': '1.2.0',
99 silly install resolved        'grunt-compare-size': '0.4.2',
99 silly install resolved        'grunt-contrib-uglify': '1.0.1',
99 silly install resolved        'grunt-contrib-watch': '1.0.0',
99 silly install resolved        'grunt-eslint': '19.0.0',
99 silly install resolved        'grunt-git-authors': '3.2.0',
99 silly install resolved        'grunt-jsonlint': '1.0.7',
99 silly install resolved        'grunt-newer': '1.2.0',
99 silly install resolved        'grunt-npmcopy': '0.1.0',
99 silly install resolved        'gzip-js': '0.3.2',
99 silly install resolved        husky: '0.11.4',
99 silly install resolved        insight: '0.8.1',
99 silly install resolved        jsdom: '5.6.1',
99 silly install resolved        'load-grunt-tasks': '3.5.0',
99 silly install resolved        'native-promise-only': '0.8.1',
99 silly install resolved        'promises-aplus-tests': '2.1.2',
99 silly install resolved        q: '1.4.1',
99 silly install resolved        'qunit-assert-step': '1.0.3',
99 silly install resolved        qunitjs: '1.23.1',
99 silly install resolved        requirejs: '2.2.0',
99 silly install resolved        sinon: '1.17.3',
99 silly install resolved        sizzle: '2.3.3',
99 silly install resolved        'strip-json-comments': '2.0.1',
99 silly install resolved        testswarm: '1.1.0' },
99 silly install resolved     scripts:
99 silly install resolved      { build: 'npm install && grunt',
99 silly install resolved        start: 'grunt watch',
99 silly install resolved        test: 'grunt && grunt test:slow',
99 silly install resolved        precommit: 'grunt lint:newer',
99 silly install resolved        commitmsg: 'node node_modules/commitplease' },
99 silly install resolved     commitplease:
99 silly install resolved      { nohook: true,
99 silly install resolved        components: [Object],
99 silly install resolved        markerPattern: '^((clos|fix|resolv)(e[sd]|ing))|(refs?)',
99 silly install resolved        ticketPattern: '^((Closes|Fixes) ([a-zA-Z]{2,}-)[0-9]+)|(Refs? [^#])' },
99 silly install resolved     gitHead: '1b30f3ad466ebf2714d47eda34dbd7fdf6849fe3',
99 silly install resolved     _id: 'jquery@3.1.1',
99 silly install resolved     _shasum: '347c1c21c7e004115e0a4da32cece041fad3c8a3',
99 silly install resolved     _from: 'jquery@latest',
99 silly install resolved     _npmVersion: '3.10.3',
99 silly install resolved     _nodeVersion: '6.6.0',
99 silly install resolved     _npmUser: { name: 'timmywil', email: '4timmywil@gmail.com' },
99 silly install resolved     dist:
99 silly install resolved      { shasum: '347c1c21c7e004115e0a4da32cece041fad3c8a3',
99 silly install resolved        tarball: 'https://registry.npmjs.org/jquery/-/jquery-3.1.1.tgz' },
99 silly install resolved     maintainers: [ [Object], [Object], [Object], [Object] ],
99 silly install resolved     _npmOperationalInternal:
99 silly install resolved      { host: 'packages-12-west.internal.npmjs.com',
99 silly install resolved        tmp: 'tmp/jquery-3.1.1.tgz_1474583566957_0.15473420196212828' },
99 silly install resolved     directories: {},
99 silly install resolved     _resolved: 'https://registry.npmjs.org/jquery/-/jquery-3.1.1.tgz',
99 silly install resolved     readme: 'ERROR: No README data found!' } ]
100 info install jquery@3.1.1 into /Users/victorigor/Documents/MEUS REPOSITORIOS - VICTOR/funpark-admin/client
101 info installOne jquery@3.1.1
102 verbose installOne of jquery to /Users/victorigor/Documents/MEUS REPOSITORIOS - VICTOR/funpark-admin/client not in flight; installing
103 verbose lock using /Users/victorigor/.npm/_locks/jquery-84d52d353e87e5ce.lock for /Users/victorigor/Documents/MEUS REPOSITORIOS - VICTOR/funpark-admin/client/node_modules/jquery
104 silly install write writing jquery 3.1.1 to /Users/victorigor/Documents/MEUS REPOSITORIOS - VICTOR/funpark-admin/client/node_modules/jquery
105 verbose unbuild node_modules/jquery
106 silly gentlyRm /Users/victorigor/Documents/MEUS REPOSITORIOS - VICTOR/funpark-admin/client/node_modules/jquery is being purged from base /Users/victorigor/Documents/MEUS REPOSITORIOS - VICTOR/funpark-admin/client
107 verbose gentlyRm don't care about contents; nuking /Users/victorigor/Documents/MEUS REPOSITORIOS - VICTOR/funpark-admin/client/node_modules/jquery
108 verbose tar unpack /Users/victorigor/.npm/jquery/3.1.1/package.tgz
109 verbose tar unpacking to /Users/victorigor/Documents/MEUS REPOSITORIOS - VICTOR/funpark-admin/client/node_modules/jquery
110 silly gentlyRm /Users/victorigor/Documents/MEUS REPOSITORIOS - VICTOR/funpark-admin/client/node_modules/jquery is being purged
111 verbose gentlyRm don't care about contents; nuking /Users/victorigor/Documents/MEUS REPOSITORIOS - VICTOR/funpark-admin/client/node_modules/jquery
112 silly gunzTarPerm modes [ '755', '644' ]
113 silly gunzTarPerm extractEntry package.json
114 silly gunzTarPerm modified mode [ 'package.json', 438, 420 ]
115 silly gunzTarPerm extractEntry README.md
116 silly gunzTarPerm modified mode [ 'README.md', 438, 420 ]
117 silly gunzTarPerm extractEntry AUTHORS.txt
118 silly gunzTarPerm modified mode [ 'AUTHORS.txt', 438, 420 ]
119 silly gunzTarPerm extractEntry LICENSE.txt
120 silly gunzTarPerm modified mode [ 'LICENSE.txt', 438, 420 ]
121 silly gunzTarPerm extractEntry bower.json
122 silly gunzTarPerm modified mode [ 'bower.json', 438, 420 ]
123 silly gunzTarPerm extractEntry dist/core.js
124 silly gunzTarPerm modified mode [ 'dist/core.js', 438, 420 ]
125 silly gunzTarPerm extractEntry dist/jquery.js
126 silly gunzTarPerm modified mode [ 'dist/jquery.js', 438, 420 ]
127 silly gunzTarPerm extractEntry dist/jquery.min.js
128 silly gunzTarPerm modified mode [ 'dist/jquery.min.js', 438, 420 ]
129 silly gunzTarPerm extractEntry dist/jquery.slim.js
130 silly gunzTarPerm modified mode [ 'dist/jquery.slim.js', 438, 420 ]
131 silly gunzTarPerm extractEntry dist/jquery.slim.min.js
132 silly gunzTarPerm modified mode [ 'dist/jquery.slim.min.js', 438, 420 ]
133 silly gunzTarPerm extractEntry dist/jquery.min.map
134 silly gunzTarPerm modified mode [ 'dist/jquery.min.map', 438, 420 ]
135 silly gunzTarPerm extractEntry dist/jquery.slim.min.map
136 silly gunzTarPerm modified mode [ 'dist/jquery.slim.min.map', 438, 420 ]
137 silly gunzTarPerm extractEntry external/sizzle/LICENSE.txt
138 silly gunzTarPerm modified mode [ 'external/sizzle/LICENSE.txt', 438, 420 ]
139 silly gunzTarPerm extractEntry external/sizzle/dist/sizzle.js
140 silly gunzTarPerm modified mode [ 'external/sizzle/dist/sizzle.js', 438, 420 ]
141 silly gunzTarPerm extractEntry external/sizzle/dist/sizzle.min.js
142 silly gunzTarPerm modified mode [ 'external/sizzle/dist/sizzle.min.js', 438, 420 ]
143 silly gunzTarPerm extractEntry external/sizzle/dist/sizzle.min.map
144 silly gunzTarPerm modified mode [ 'external/sizzle/dist/sizzle.min.map', 438, 420 ]
145 silly gunzTarPerm extractEntry src/wrap.js
146 silly gunzTarPerm modified mode [ 'src/wrap.js', 438, 420 ]
147 silly gunzTarPerm extractEntry src/core.js
148 silly gunzTarPerm modified mode [ 'src/core.js', 438, 420 ]
149 silly gunzTarPerm extractEntry src/selector.js
150 silly gunzTarPerm modified mode [ 'src/selector.js', 438, 420 ]
151 silly gunzTarPerm extractEntry src/css.js
152 silly gunzTarPerm modified mode [ 'src/css.js', 438, 420 ]
153 silly gunzTarPerm extractEntry src/selector-sizzle.js
154 silly gunzTarPerm modified mode [ 'src/selector-sizzle.js', 438, 420 ]
155 silly gunzTarPerm extractEntry src/serialize.js
156 silly gunzTarPerm modified mode [ 'src/serialize.js', 438, 420 ]
157 silly gunzTarPerm extractEntry src/selector-native.js
158 silly gunzTarPerm modified mode [ 'src/selector-native.js', 438, 420 ]
159 silly gunzTarPerm extractEntry src/deferred.js
160 silly gunzTarPerm modified mode [ 'src/deferred.js', 438, 420 ]
161 silly gunzTarPerm extractEntry src/deprecated.js
162 silly gunzTarPerm modified mode [ 'src/deprecated.js', 438, 420 ]
163 silly gunzTarPerm extractEntry src/dimensions.js
164 silly gunzTarPerm modified mode [ 'src/dimensions.js', 438, 420 ]
165 silly gunzTarPerm extractEntry src/queue.js
166 silly gunzTarPerm modified mode [ 'src/queue.js', 438, 420 ]
167 silly gunzTarPerm extractEntry src/callbacks.js
168 silly gunzTarPerm modified mode [ 'src/callbacks.js', 438, 420 ]
169 silly gunzTarPerm extractEntry src/offset.js
170 silly gunzTarPerm modified mode [ 'src/offset.js', 438, 420 ]
171 silly gunzTarPerm extractEntry src/attributes.js
172 silly gunzTarPerm modified mode [ 'src/attributes.js', 438, 420 ]
173 silly gunzTarPerm extractEntry src/manipulation.js
174 silly gunzTarPerm modified mode [ 'src/manipulation.js', 438, 420 ]
175 silly gunzTarPerm extractEntry src/traversing.js
176 silly gunzTarPerm modified mode [ 'src/traversing.js', 438, 420 ]
177 silly gunzTarPerm extractEntry src/event.js
178 silly gunzTarPerm modified mode [ 'src/event.js', 438, 420 ]
179 silly gunzTarPerm extractEntry src/ajax.js
180 silly gunzTarPerm modified mode [ 'src/ajax.js', 438, 420 ]
181 silly gunzTarPerm extractEntry src/jquery.js
182 silly gunzTarPerm modified mode [ 'src/jquery.js', 438, 420 ]
183 silly gunzTarPerm extractEntry src/data.js
184 silly gunzTarPerm modified mode [ 'src/data.js', 438, 420 ]
185 silly gunzTarPerm extractEntry src/effects.js
186 silly gunzTarPerm modified mode [ 'src/effects.js', 438, 420 ]
187 silly gunzTarPerm extractEntry src/data/Data.js
188 silly gunzTarPerm modified mode [ 'src/data/Data.js', 438, 420 ]
189 silly gunzTarPerm extractEntry src/data/var/acceptData.js
190 silly gunzTarPerm modified mode [ 'src/data/var/acceptData.js', 438, 420 ]
191 silly gunzTarPerm extractEntry src/data/var/dataPriv.js
192 silly gunzTarPerm modified mode [ 'src/data/var/dataPriv.js', 438, 420 ]
193 silly gunzTarPerm extractEntry src/data/var/dataUser.js
194 silly gunzTarPerm modified mode [ 'src/data/var/dataUser.js', 438, 420 ]
195 silly gunzTarPerm extractEntry src/exports/amd.js
196 silly gunzTarPerm modified mode [ 'src/exports/amd.js', 438, 420 ]
197 silly gunzTarPerm extractEntry src/exports/global.js
198 silly gunzTarPerm modified mode [ 'src/exports/global.js', 438, 420 ]
199 silly gunzTarPerm extractEntry src/event/ajax.js
200 silly gunzTarPerm modified mode [ 'src/event/ajax.js', 438, 420 ]
201 silly gunzTarPerm extractEntry src/event/alias.js
202 silly gunzTarPerm modified mode [ 'src/event/alias.js', 438, 420 ]
203 silly gunzTarPerm extractEntry src/event/focusin.js
204 silly gunzTarPerm modified mode [ 'src/event/focusin.js', 438, 420 ]
205 silly gunzTarPerm extractEntry src/event/support.js
206 silly gunzTarPerm modified mode [ 'src/event/support.js', 438, 420 ]
207 silly gunzTarPerm extractEntry src/event/trigger.js
208 silly gunzTarPerm modified mode [ 'src/event/trigger.js', 438, 420 ]
209 silly gunzTarPerm extractEntry src/ajax/jsonp.js
210 silly gunzTarPerm modified mode [ 'src/ajax/jsonp.js', 438, 420 ]
211 silly gunzTarPerm extractEntry src/ajax/load.js
212 silly gunzTarPerm modified mode [ 'src/ajax/load.js', 438, 420 ]
213 silly gunzTarPerm extractEntry src/ajax/parseXML.js
214 silly gunzTarPerm modified mode [ 'src/ajax/parseXML.js', 438, 420 ]
215 silly gunzTarPerm extractEntry src/ajax/script.js
216 silly gunzTarPerm modified mode [ 'src/ajax/script.js', 438, 420 ]
217 silly gunzTarPerm extractEntry src/ajax/xhr.js
218 silly gunzTarPerm modified mode [ 'src/ajax/xhr.js', 438, 420 ]
219 silly gunzTarPerm extractEntry src/ajax/var/location.js
220 silly gunzTarPerm modified mode [ 'src/ajax/var/location.js', 438, 420 ]
221 silly gunzTarPerm extractEntry src/ajax/var/nonce.js
222 silly gunzTarPerm modified mode [ 'src/ajax/var/nonce.js', 438, 420 ]
223 silly gunzTarPerm extractEntry src/ajax/var/rquery.js
224 silly gunzTarPerm modified mode [ 'src/ajax/var/rquery.js', 438, 420 ]
225 silly gunzTarPerm extractEntry src/queue/delay.js
226 silly gunzTarPerm modified mode [ 'src/queue/delay.js', 438, 420 ]
227 silly gunzTarPerm extractEntry src/effects/Tween.js
228 silly gunzTarPerm modified mode [ 'src/effects/Tween.js', 438, 420 ]
229 silly gunzTarPerm extractEntry src/effects/animatedSelector.js
230 silly gunzTarPerm modified mode [ 'src/effects/animatedSelector.js', 438, 420 ]
231 silly gunzTarPerm extractEntry src/deferred/exceptionHook.js
232 silly gunzTarPerm modified mode [ 'src/deferred/exceptionHook.js', 438, 420 ]
233 silly gunzTarPerm extractEntry src/manipulation/_evalUrl.js
234 silly gunzTarPerm modified mode [ 'src/manipulation/_evalUrl.js', 438, 420 ]
235 silly gunzTarPerm extractEntry src/manipulation/buildFragment.js
236 silly gunzTarPerm modified mode [ 'src/manipulation/buildFragment.js', 438, 420 ]
237 silly gunzTarPerm extractEntry src/manipulation/getAll.js
238 silly gunzTarPerm modified mode [ 'src/manipulation/getAll.js', 438, 420 ]
239 silly gunzTarPerm extractEntry src/manipulation/setGlobalEval.js
240 silly gunzTarPerm modified mode [ 'src/manipulation/setGlobalEval.js', 438, 420 ]
241 silly gunzTarPerm extractEntry src/manipulation/support.js
242 silly gunzTarPerm modified mode [ 'src/manipulation/support.js', 438, 420 ]
243 silly gunzTarPerm extractEntry src/manipulation/wrapMap.js
244 silly gunzTarPerm modified mode [ 'src/manipulation/wrapMap.js', 438, 420 ]
245 silly gunzTarPerm extractEntry src/manipulation/var/rcheckableType.js
246 silly gunzTarPerm modified mode [ 'src/manipulation/var/rcheckableType.js', 438, 420 ]
247 silly gunzTarPerm extractEntry src/manipulation/var/rscriptType.js
248 silly gunzTarPerm modified mode [ 'src/manipulation/var/rscriptType.js', 438, 420 ]
249 silly gunzTarPerm extractEntry src/manipulation/var/rtagName.js
250 silly gunzTarPerm modified mode [ 'src/manipulation/var/rtagName.js', 438, 420 ]
251 silly gunzTarPerm extractEntry src/css/addGetHookIf.js
252 silly gunzTarPerm modified mode [ 'src/css/addGetHookIf.js', 438, 420 ]
253 silly gunzTarPerm extractEntry src/css/adjustCSS.js
254 silly gunzTarPerm modified mode [ 'src/css/adjustCSS.js', 438, 420 ]
255 silly gunzTarPerm extractEntry src/css/curCSS.js
256 silly gunzTarPerm modified mode [ 'src/css/curCSS.js', 438, 420 ]
257 silly gunzTarPerm extractEntry src/css/hiddenVisibleSelectors.js
258 silly gunzTarPerm modified mode [ 'src/css/hiddenVisibleSelectors.js', 438, 420 ]
259 silly gunzTarPerm extractEntry src/css/showHide.js
260 silly gunzTarPerm modified mode [ 'src/css/showHide.js', 438, 420 ]
261 silly gunzTarPerm extractEntry src/css/support.js
262 silly gunzTarPerm modified mode [ 'src/css/support.js', 438, 420 ]
263 silly gunzTarPerm extractEntry src/css/var/cssExpand.js
264 silly gunzTarPerm modified mode [ 'src/css/var/cssExpand.js', 438, 420 ]
265 silly gunzTarPerm extractEntry src/css/var/getStyles.js
266 silly gunzTarPerm modified mode [ 'src/css/var/getStyles.js', 438, 420 ]
267 silly gunzTarPerm extractEntry src/css/var/isHiddenWithinTree.js
268 silly gunzTarPerm modified mode [ 'src/css/var/isHiddenWithinTree.js', 438, 420 ]
269 silly gunzTarPerm extractEntry src/css/var/rmargin.js
270 silly gunzTarPerm modified mode [ 'src/css/var/rmargin.js', 438, 420 ]
271 silly gunzTarPerm extractEntry src/css/var/rnumnonpx.js
272 silly gunzTarPerm modified mode [ 'src/css/var/rnumnonpx.js', 438, 420 ]
273 silly gunzTarPerm extractEntry src/css/var/swap.js
274 silly gunzTarPerm modified mode [ 'src/css/var/swap.js', 438, 420 ]
275 silly gunzTarPerm extractEntry src/core/DOMEval.js
276 silly gunzTarPerm modified mode [ 'src/core/DOMEval.js', 438, 420 ]
277 silly gunzTarPerm extractEntry src/core/access.js
278 silly gunzTarPerm modified mode [ 'src/core/access.js', 438, 420 ]
279 silly gunzTarPerm extractEntry src/core/init.js
280 silly gunzTarPerm modified mode [ 'src/core/init.js', 438, 420 ]
281 silly gunzTarPerm extractEntry src/core/parseHTML.js
282 silly gunzTarPerm modified mode [ 'src/core/parseHTML.js', 438, 420 ]
283 silly gunzTarPerm extractEntry src/core/ready-no-deferred.js
284 silly gunzTarPerm modified mode [ 'src/core/ready-no-deferred.js', 438, 420 ]
285 silly gunzTarPerm extractEntry src/core/ready.js
286 silly gunzTarPerm modified mode [ 'src/core/ready.js', 438, 420 ]
287 silly gunzTarPerm extractEntry src/core/readyException.js
288 silly gunzTarPerm modified mode [ 'src/core/readyException.js', 438, 420 ]
289 silly gunzTarPerm extractEntry src/core/stripAndCollapse.js
290 silly gunzTarPerm modified mode [ 'src/core/stripAndCollapse.js', 438, 420 ]
291 silly gunzTarPerm extractEntry src/core/support.js
292 silly gunzTarPerm modified mode [ 'src/core/support.js', 438, 420 ]
293 silly gunzTarPerm extractEntry src/core/var/rsingleTag.js
294 silly gunzTarPerm modified mode [ 'src/core/var/rsingleTag.js', 438, 420 ]
295 silly gunzTarPerm extractEntry src/traversing/findFilter.js
296 silly gunzTarPerm modified mode [ 'src/traversing/findFilter.js', 438, 420 ]
297 silly gunzTarPerm extractEntry src/traversing/var/dir.js
298 silly gunzTarPerm modified mode [ 'src/traversing/var/dir.js', 438, 420 ]
299 silly gunzTarPerm extractEntry src/traversing/var/rneedsContext.js
300 silly gunzTarPerm modified mode [ 'src/traversing/var/rneedsContext.js', 438, 420 ]
301 silly gunzTarPerm extractEntry src/traversing/var/siblings.js
302 silly gunzTarPerm modified mode [ 'src/traversing/var/siblings.js', 438, 420 ]
303 silly gunzTarPerm extractEntry src/attributes/attr.js
304 silly gunzTarPerm modified mode [ 'src/attributes/attr.js', 438, 420 ]
305 silly gunzTarPerm extractEntry src/attributes/classes.js
306 silly gunzTarPerm modified mode [ 'src/attributes/classes.js', 438, 420 ]
307 silly gunzTarPerm extractEntry src/attributes/prop.js
308 silly gunzTarPerm modified mode [ 'src/attributes/prop.js', 438, 420 ]
309 silly gunzTarPerm extractEntry src/attributes/support.js
310 silly gunzTarPerm modified mode [ 'src/attributes/support.js', 438, 420 ]
311 silly gunzTarPerm extractEntry src/attributes/val.js
312 silly gunzTarPerm modified mode [ 'src/attributes/val.js', 438, 420 ]
313 silly gunzTarPerm extractEntry src/var/ObjectFunctionString.js
314 silly gunzTarPerm modified mode [ 'src/var/ObjectFunctionString.js', 438, 420 ]
315 silly gunzTarPerm extractEntry src/var/documentElement.js
316 silly gunzTarPerm modified mode [ 'src/var/documentElement.js', 438, 420 ]
317 silly gunzTarPerm extractEntry src/var/fnToString.js
318 silly gunzTarPerm modified mode [ 'src/var/fnToString.js', 438, 420 ]
319 silly gunzTarPerm extractEntry src/var/getProto.js
320 silly gunzTarPerm modified mode [ 'src/var/getProto.js', 438, 420 ]
321 silly gunzTarPerm extractEntry src/var/document.js
322 silly gunzTarPerm modified mode [ 'src/var/document.js', 438, 420 ]
323 silly gunzTarPerm extractEntry src/var/indexOf.js
324 silly gunzTarPerm modified mode [ 'src/var/indexOf.js', 438, 420 ]
325 silly gunzTarPerm extractEntry src/var/pnum.js
326 silly gunzTarPerm modified mode [ 'src/var/pnum.js', 438, 420 ]
327 silly gunzTarPerm extractEntry src/var/push.js
328 silly gunzTarPerm modified mode [ 'src/var/push.js', 438, 420 ]
329 silly gunzTarPerm extractEntry src/var/rcssNum.js
330 silly gunzTarPerm modified mode [ 'src/var/rcssNum.js', 438, 420 ]
331 silly gunzTarPerm extractEntry src/var/rnothtmlwhite.js
332 silly gunzTarPerm modified mode [ 'src/var/rnothtmlwhite.js', 438, 420 ]
333 silly gunzTarPerm extractEntry src/var/concat.js
334 silly gunzTarPerm modified mode [ 'src/var/concat.js', 438, 420 ]
335 silly gunzTarPerm extractEntry src/var/slice.js
336 silly gunzTarPerm modified mode [ 'src/var/slice.js', 438, 420 ]
337 silly gunzTarPerm extractEntry src/var/class2type.js
338 silly gunzTarPerm modified mode [ 'src/var/class2type.js', 438, 420 ]
339 silly gunzTarPerm extractEntry src/var/support.js
340 silly gunzTarPerm modified mode [ 'src/var/support.js', 438, 420 ]
341 silly gunzTarPerm extractEntry src/var/arr.js
342 silly gunzTarPerm modified mode [ 'src/var/arr.js', 438, 420 ]
343 silly gunzTarPerm extractEntry src/var/toString.js
344 silly gunzTarPerm modified mode [ 'src/var/toString.js', 438, 420 ]
345 silly gunzTarPerm extractEntry src/var/hasOwn.js
346 silly gunzTarPerm modified mode [ 'src/var/hasOwn.js', 438, 420 ]
347 silly gunzTarPerm extractEntry src/.eslintrc.json
348 silly gunzTarPerm modified mode [ 'src/.eslintrc.json', 438, 420 ]
349 verbose write writing to /Users/victorigor/Documents/MEUS REPOSITORIOS - VICTOR/funpark-admin/client/node_modules/jquery/package.json
350 info preinstall jquery@3.1.1
351 verbose readDependencies loading dependencies from /Users/victorigor/Documents/MEUS REPOSITORIOS - VICTOR/funpark-admin/client/node_modules/jquery/package.json
352 verbose readDependencies loading dependencies from /Users/victorigor/Documents/MEUS REPOSITORIOS - VICTOR/funpark-admin/client/node_modules/jquery/package.json
353 silly install resolved []
354 verbose about to build /Users/victorigor/Documents/MEUS REPOSITORIOS - VICTOR/funpark-admin/client/node_modules/jquery
355 info build /Users/victorigor/Documents/MEUS REPOSITORIOS - VICTOR/funpark-admin/client/node_modules/jquery
356 info linkStuff jquery@3.1.1
357 silly linkStuff jquery@3.1.1 has /Users/victorigor/Documents/MEUS REPOSITORIOS - VICTOR/funpark-admin/client/node_modules as its parent node_modules
358 verbose linkBins jquery@3.1.1
359 verbose linkMans jquery@3.1.1
360 verbose rebuildBundles jquery@3.1.1
361 info install jquery@3.1.1
362 info postinstall jquery@3.1.1
363 verbose unlock done using /Users/victorigor/.npm/_locks/jquery-84d52d353e87e5ce.lock for /Users/victorigor/Documents/MEUS REPOSITORIOS - VICTOR/funpark-admin/client/node_modules/jquery
364 verbose validateInstall loading /Users/victorigor/Documents/MEUS REPOSITORIOS - VICTOR/funpark-admin/client/package.json for validation
365 verbose stack Error: The package eslint@2.13.1 does not satisfy its siblings' peerDependencies requirements!
365 verbose stack     at /usr/local/lib/node_modules/npm/lib/install.js:125:32
365 verbose stack     at /usr/local/lib/node_modules/npm/lib/install.js:268:7
365 verbose stack     at /usr/local/lib/node_modules/npm/node_modules/read-installed/read-installed.js:142:5
365 verbose stack     at /usr/local/lib/node_modules/npm/node_modules/read-installed/read-installed.js:263:14
365 verbose stack     at cb (/usr/local/lib/node_modules/npm/node_modules/slide/lib/async-map.js:47:24)
365 verbose stack     at /usr/local/lib/node_modules/npm/node_modules/read-installed/read-installed.js:263:14
365 verbose stack     at cb (/usr/local/lib/node_modules/npm/node_modules/slide/lib/async-map.js:47:24)
365 verbose stack     at /usr/local/lib/node_modules/npm/node_modules/read-installed/read-installed.js:263:14
365 verbose stack     at cb (/usr/local/lib/node_modules/npm/node_modules/slide/lib/async-map.js:47:24)
365 verbose stack     at /usr/local/lib/node_modules/npm/node_modules/read-installed/read-installed.js:263:14
366 verbose cwd /Users/victorigor/Documents/MEUS REPOSITORIOS - VICTOR/funpark-admin/client
367 error Darwin 15.5.0
368 error argv "/usr/local/bin/node" "/usr/local/bin/npm" "install" "--save" "jquery"
369 error node v4.2.4
370 error npm  v2.14.12
371 error code EPEERINVALID
372 error peerinvalid The package eslint@2.13.1 does not satisfy its siblings' peerDependencies requirements!
372 error peerinvalid Peer eslint-plugin-babel@3.3.0 wants eslint@>=1.0.0
372 error peerinvalid Peer eslint-plugin-standard@2.0.1 wants eslint@>=3.0.0
372 error peerinvalid Peer eslint-config-standard@6.2.1 wants eslint@>=3.8.1
372 error peerinvalid Peer eslint-config-xo-react@0.7.0 wants eslint@>=2
372 error peerinvalid Peer eslint-plugin-promise@3.3.1 wants eslint@^2.10 || ^3.0
372 error peerinvalid Peer eslint-config-xo-space@0.12.0 wants eslint@>=2.7.0
372 error peerinvalid Peer eslint-loader@1.6.1 wants eslint@>=1.6.0 <4.0.0
373 verbose exit [ 1, true ]
